[tokio-util] download directory: /tmp/top100_artifacts/tokio-util-0.7.15
+ curl -sL https://crates.io/api/v1/crates/tokio-util/0.7.15/download
+ tar xzf -
+ cd /tmp/top100_artifacts/tokio-util-0.7.15
+ cargo clean
     Removed 0 files
+ cargo +stable test ''
    Blocking waiting for file lock on package cache
    Blocking waiting for file lock on package cache
   Compiling proc-macro2 v1.0.95
   Compiling unicode-ident v1.0.18
   Compiling autocfg v1.4.0
   Compiling libc v0.2.172
   Compiling pin-project-lite v0.2.16
   Compiling futures-core v0.3.31
   Compiling cfg-if v1.0.0
   Compiling parking_lot_core v0.9.10
   Compiling lock_api v0.4.12
   Compiling slab v0.4.9
   Compiling smallvec v1.15.0
   Compiling scopeguard v1.2.0
   Compiling futures-sink v0.3.31
   Compiling quote v1.0.40
   Compiling syn v2.0.100
   Compiling futures-channel v0.3.31
   Compiling memchr v2.7.4
   Compiling pin-utils v0.1.0
   Compiling mio v1.0.3
   Compiling parking_lot v0.12.3
   Compiling socket2 v0.5.9
   Compiling signal-hook-registry v1.4.5
   Compiling futures-task v0.3.31
   Compiling bytes v1.10.1
   Compiling futures-io v0.3.31
   Compiling rustix v1.0.5
   Compiling getrandom v0.3.2
   Compiling errno v0.3.11
   Compiling linux-raw-sys v0.9.4
   Compiling bitflags v2.9.0
   Compiling fastrand v2.3.0
   Compiling once_cell v1.21.3
   Compiling futures-macro v0.3.31
   Compiling tokio-macros v2.5.0
   Compiling async-stream-impl v0.3.6
   Compiling pin-project-internal v1.1.10
   Compiling tokio v1.44.2
   Compiling futures-util v0.3.31
   Compiling async-stream v0.3.6
   Compiling tempfile v3.19.1
   Compiling pin-project v1.1.10
   Compiling futures-executor v0.3.31
   Compiling futures-test v0.3.31
   Compiling futures v0.3.31
   Compiling tokio-stream v0.1.17
   Compiling tokio-util v0.7.15 (/tmp/top100_artifacts/tokio-util-0.7.15)
   Compiling tokio-test v0.4.4
error[E0432]: unresolved import `tokio_util::codec`
  --> tests/framed_stream.rs:4:17
   |
4  | use tokio_util::codec::{BytesCodec, FramedRead};
   |                 ^^^^^ could not find `codec` in `tokio_util`
   |
note: found an item that was configured out
  --> /tmp/top100_artifacts/tokio-util-0.7.15/src/lib.rs:31:13
   |
31 |     pub mod codec;
   |             ^^^^^
note: the item is gated behind the `codec` feature
  --> /tmp/top100_artifacts/tokio-util-0.7.15/src/lib.rs:27:1
   |
27 | / cfg_codec! {
28 | |     #[macro_use]
29 | |     mod tracing;
...  |
32 | | }
   | |_^
   = note: this error originates in the macro `cfg_codec` (in Nightly builds, run with -Z macro-backtrace for more info)

error[E0432]: unresolved import `tokio_util::codec`
  --> tests/framed.rs:5:17
   |
5  | use tokio_util::codec::{Decoder, Encoder, Framed, FramedParts};
   |                 ^^^^^ could not find `codec` in `tokio_util`
   |
note: found an item that was configured out
  --> /tmp/top100_artifacts/tokio-util-0.7.15/src/lib.rs:31:13
   |
31 |     pub mod codec;
   |             ^^^^^
note: the item is gated behind the `codec` feature
  --> /tmp/top100_artifacts/tokio-util-0.7.15/src/lib.rs:27:1
   |
27 | / cfg_codec! {
28 | |     #[macro_use]
29 | |     mod tracing;
...  |
32 | | }
   | |_^
   = note: this error originates in the macro `cfg_codec` (in Nightly builds, run with -Z macro-backtrace for more info)

For more information about this error, try `rustc --explain E0432`.
error: could not compile `tokio-util` (test "framed") due to 1 previous error
warning: build failed, waiting for other jobs to finish...
error: could not compile `tokio-util` (test "framed_stream") due to 1 previous error
+ RESULT=101
+ cd /tmp/top100_artifacts
+ rm -rf /tmp/top100_artifacts/tokio-util-0.7.15
+ exit 101
