[chrono] download directory: /var/tmp/top100_artifacts/chrono-0.4.42
+ curl -sL https://crates.io/api/v1/crates/chrono/0.4.42/download
+ tar xzf -
+ cd /var/tmp/top100_artifacts/chrono-0.4.42
+ cargo clean
     Removed 0 files
+ cargo +stable test ''
    Blocking waiting for file lock on package cache
    Blocking waiting for file lock on package cache
    Blocking waiting for file lock on package cache
    Blocking waiting for file lock on package cache
   Compiling proc-macro2 v1.0.93
   Compiling serde v1.0.218
   Compiling unicode-ident v1.0.17
   Compiling libc v0.2.170
   Compiling autocfg v1.4.0
   Compiling num-traits v0.2.19
   Compiling quote v1.0.38
   Compiling unicode-segmentation v1.12.0
   Compiling once_cell v1.20.3
   Compiling serde_json v1.0.139
   Compiling console v0.15.10
   Compiling syn v2.0.98
   Compiling similar v2.7.0
   Compiling memchr v2.7.4
   Compiling itoa v1.0.14
   Compiling iana-time-zone v0.1.61
   Compiling ryu v1.0.19
   Compiling bincode v1.3.3
   Compiling similar-asserts v1.7.0
   Compiling chrono v0.4.42 (/var/tmp/top100_artifacts/chrono-0.4.42)
   Compiling serde_derive v1.0.218
    Finished `test` profile [unoptimized + debuginfo] target(s) in 25.97s
     Running unittests src/lib.rs (target/debug/deps/chrono-6c89cbd03e427bdf)

running 287 tests
test date::tests::test_date_add_assign ... ok
test date::tests::test_date_add_assign_local ... ok
test date::tests::test_date_sub_assign ... ok
test date::tests::test_date_sub_assign_local ... ok
test date::tests::test_years_elapsed ... ok
test datetime::tests::nano_roundrip ... ok
test datetime::tests::signed_duration_since_autoref ... ok
test datetime::tests::test_add_sub_months ... ok
test datetime::tests::test_core_duration_ops ... ok
test datetime::tests::test_core_duration_max - should panic ... ok
test datetime::tests::test_auto_conversion ... ok
test datetime::tests::test_datetime_add_assign_local ... ok
test datetime::tests::test_datetime_add_days ... ok
test datetime::tests::test_datetime_add_months ... ok
test datetime::tests::test_datetime_add_assign ... ok
test datetime::tests::test_datetime_before_windows_api_limits ... ok
test datetime::tests::test_datetime_date_and_time ... ok
test datetime::tests::test_datetime_from_local ... ok
test datetime::tests::test_datetime_fixed_offset ... ok
test datetime::tests::test_datetime_from_str ... ok
test datetime::tests::test_datetime_format_with_local ... ok
test datetime::tests::test_datetime_from_timestamp_micros ... ok
test datetime::tests::test_datetime_from_timestamp ... ok
test datetime::tests::test_datetime_from_timestamp_nanos ... ok
test datetime::tests::test_datetime_from_timestamp_secs ... ok
test datetime::tests::test_datetime_from_timestamp_millis ... ok
test datetime::tests::test_datetime_is_send_and_copy ... ok
test datetime::tests::test_datetime_offset ... ok
test datetime::tests::test_datetime_local_from_preserves_offset ... ok
test datetime::tests::test_datetime_parse_from_str ... ok
test datetime::tests::test_datetime_rfc3339 ... ok
test datetime::tests::test_datetime_sub_assign ... ok
test datetime::tests::test_datetime_rfc2822 ... ok
test datetime::tests::test_datetime_timestamp ... ok
test datetime::tests::test_datetime_sub_assign_local ... ok
test datetime::tests::test_datetime_sub_days ... ok
test datetime::tests::test_datetime_with_timezone ... ok
test datetime::tests::test_from_system_time ... ok
test datetime::tests::test_local_beyond_max_datetime - should panic ... ok
test datetime::tests::test_local_beyond_min_datetime - should panic ... ok
test datetime::tests::test_min_max_add_months ... ok
test datetime::tests::test_datetime_to_utc ... ok
test datetime::tests::test_min_max_setters ... ok
test datetime::tests::test_nanosecond_range ... ok
test datetime::tests::test_parse_datetime_utc ... ok
test datetime::tests::test_parse_from_str ... ok
test datetime::tests::test_rfc3339_opts ... ok
test datetime::tests::test_min_max_add_days ... ok
test datetime::tests::test_subsecond_part ... ok
test datetime::tests::test_min_max_getters ... ok
test datetime::tests::test_rfc3339_opts_nonexhaustive - should panic ... ok
test datetime::tests::test_test_deprecated_from_offset ... ok
test datetime::tests::test_to_string_round_trip ... ok
test datetime::tests::test_to_string_round_trip_with_local ... ok
test datetime::tests::test_years_elapsed ... ok
test format::formatting::tests::test_date_format ... ok
test format::formatting::tests::test_datetime_format ... ok
test format::formatting::tests::test_datetime_format_alignment ... ok
test format::formatting::tests::test_delayed_write_to ... ok
test format::parse::tests::parse_rfc850 ... ok
test datetime::tests::test_datetime_sub_months ... ok
test format::formatting::tests::test_time_format ... ok
test format::parse::tests::test_issue_1010 ... ok
test format::formatting::tests::test_offset_formatting ... ok
test format::parse::tests::test_parse_fixed_nanosecond ... ok
test format::parse::tests::test_parse_practical_examples ... ok
test format::parse::tests::test_parse_fixed_timezone_offset ... ok
test format::parse::tests::test_parse_numeric ... ok
test format::parse::tests::test_parse_whitespace_and_literal ... ok
test format::parse::tests::test_rfc3339 ... ok
test format::parsed::tests::issue_551 ... ok
test format::parsed::tests::test_parsed_set_fields ... ok
test format::parsed::tests::test_parsed_set_range ... ok
test format::parsed::tests::test_parsed_to_datetime ... ok
test format::parsed::tests::test_parsed_to_datetime_with_timezone ... ok
test format::parse::tests::test_rfc2822 ... ok
test format::parsed::tests::test_parsed_to_naive_date ... ok
test format::scan::tests::test_nanosecond ... ok
test format::scan::tests::test_nanosecond_fixed ... ok
test format::scan::tests::test_rfc2822_comments ... ok
test format::parsed::tests::test_parsed_to_naive_datetime_with_offset ... ok
test format::parsed::tests::test_parsed_to_naive_time ... ok
test format::scan::tests::test_short_or_long_month0 ... ok
test format::parse::tests::test_parse_fixed ... ok
test format::scan::tests::test_short_or_long_weekday ... ok
test format::scan::tests::test_timezone_offset_2822 ... ok
test format::strftime::tests::test_parse_only_timezone_offset_permissive_no_panic ... ok
test format::strftime::tests::test_strftime_docs ... ok
test format::strftime::tests::test_strftime_items ... ok
test format::strftime::tests::test_strftime_parse ... ok
test format::strftime::tests::test_strftime_parse_lenient ... ok
test month::tests::num_days ... ok
test format::strftime::tests::test_finite ... ok
test month::tests::test_month_enum_primitive_parse ... ok
test month::tests::test_month_enum_succ_pred ... ok
test month::tests::test_month_enum_try_from ... ok
test month::tests::test_months_as_u32 ... ok
test naive::date::tests::test_date_addassignment ... ok
test naive::date::tests::test_date_bounds ... ok
test naive::date::tests::test_date_checked_add_signed ... ok
test naive::date::tests::test_date_fields ... ok
test naive::date::tests::test_date_fmt ... ok
test naive::date::tests::test_date_add_days ... ok
test naive::date::tests::diff_months ... ok
test naive::date::tests::test_date_from_isoywd ... ok
test month::tests::test_month_partial_ord ... ok
test naive::date::tests::test_date_from_str ... ok
test naive::date::tests::test_date_from_epoch_days ... ok
test naive::date::tests::test_date_from_num_days_from_ce ... ok
test naive::date::tests::test_date_from_weekday_of_month_opt ... ok
test naive::date::tests::test_date_from_ymd ... ok
test naive::date::tests::test_date_from_yo ... ok
test naive::date::tests::test_date_num_days_from_ce ... ok
test naive::date::tests::test_date_signed_duration_since ... ok
test naive::date::tests::test_date_sub_days ... ok
test naive::date::tests::test_date_subassignment ... ok
test naive::date::tests::test_date_succ ... ok
test naive::date::tests::test_date_to_epoch_days ... ok
test naive::date::tests::test_date_to_mdf_to_date ... ok
test naive::date::tests::test_date_weekday ... ok
test naive::date::tests::test_date_with_fields ... ok
test naive::date::tests::test_date_with_ordinal ... ok
test naive::date::tests::test_date_yearflags ... ok
test naive::date::tests::test_day_iterator_limit ... ok
test naive::date::tests::test_isoweekdate_with_yearflags ... ok
test naive::date::tests::test_date_parse_from_str ... ok
test naive::date::tests::test_date_pred ... ok
test naive::date::tests::test_week_iterator_limit ... ok
test naive::date::tests::test_weekday_with_yearflags ... ok
test naive::date::tests::test_leap_year ... ok
test naive::date::tests::test_with_0_overflow ... ok
test naive::datetime::tests::test_and_local_timezone ... ok
test naive::datetime::tests::test_and_timezone_min_max_dates ... ok
test naive::datetime::tests::test_and_utc ... ok
test naive::datetime::tests::test_checked_add_offset ... ok
test naive::datetime::tests::test_checked_sub_offset ... ok
test naive::datetime::tests::test_core_duration_max - should panic ... ok
test naive::datetime::tests::test_core_duration_ops ... ok
test naive::datetime::tests::test_datetime_add ... ok
test naive::datetime::tests::test_datetime_add_sub_invariant ... ok
test naive::datetime::tests::test_datetime_addassignment ... ok
test naive::datetime::tests::test_datetime_from_str ... ok
test naive::datetime::tests::test_datetime_parse_from_str ... ok
test naive::datetime::tests::test_datetime_parse_from_str_with_spaces ... ok
test naive::datetime::tests::test_datetime_sub ... ok
test naive::datetime::tests::test_datetime_subassignment ... ok
test naive::datetime::tests::test_overflowing_add_offset ... ok
test naive::internals::tests::test_mdf_fields ... ok
test naive::internals::tests::test_mdf_new_range ... ok
test naive::internals::tests::test_mdf_valid ... ok
test naive::internals::tests::test_mdf_with_fields ... ok
test naive::internals::tests::test_year_flags_ndays_from_year ... ok
test naive::internals::tests::test_year_flags_nisoweeks ... ok
test naive::isoweek::tests::test_iso_week_equivalence_for_first_week ... ok
test naive::isoweek::tests::test_iso_week_equivalence_for_last_week ... ok
test naive::isoweek::tests::test_iso_week_extremes ... ok
test naive::isoweek::tests::test_iso_week_ordering_for_first_week ... ok
test naive::isoweek::tests::test_iso_week_ordering_for_last_week ... ok
test naive::test::test_naiveweek ... ok
test naive::test::test_naiveweek_checked_no_panic ... ok
test naive::test::test_naiveweek_eq ... ok
test naive::test::test_naiveweek_hash ... ok
test naive::test::test_naiveweek_min_max ... ok
test naive::time::tests::test_core_duration_ops ... ok
test naive::time::tests::test_overflowing_offset ... ok
test naive::time::tests::test_time_add ... ok
test naive::time::tests::test_time_addassignment ... ok
test naive::time::tests::test_time_fmt ... ok
test naive::time::tests::test_time_from_hms_micro ... ok
test naive::time::tests::test_time_from_hms_milli ... ok
test naive::time::tests::test_time_from_str ... ok
test naive::time::tests::test_time_hms ... ok
test naive::time::tests::test_time_overflowing_add ... ok
test naive::time::tests::test_time_parse_from_str ... ok
test naive::time::tests::test_time_sub ... ok
test naive::time::tests::test_time_subassignment ... ok
test offset::fixed::tests::test_date_extreme_offset ... ok
test offset::fixed::tests::test_parse_offset ... ok
test offset::local::tests::test_leap_second ... ok
test offset::local::tests::test_local_date_sanity_check ... ok
test offset::local::tests::verify_correct_offsets ... ok
test offset::local::tests::verify_correct_offsets_distant_future ... ok
test offset::local::tests::verify_correct_offsets_distant_past ... ok
test offset::local::tz_data::tests::test_android_tzdata_find ... FAILED
test offset::local::tz_data::tests::test_android_tzdata_find_missing ... FAILED
test offset::local::tz_data::tests::test_android_tzdata_header_and_index ... FAILED
test offset::local::tz_data::tests::test_android_tzdata_loading ... FAILED
test offset::local::tz_data::tests::test_invalid_tzdata_header ... ok
test offset::local::tz_data::tests::test_ohos_tzdata_find ... FAILED
test offset::local::tz_data::tests::test_ohos_tzdata_find_missing ... FAILED
test offset::local::tz_data::tests::test_ohos_tzdata_header_and_index ... FAILED
test offset::local::tz_data::tests::test_ohos_tzdata_loading ... FAILED
test offset::local::tz_info::rule::tests::test_all_year_dst ... ok
test offset::local::tz_info::rule::tests::test_full ... ok
test offset::local::tz_info::rule::tests::test_negative_dst ... ok
test offset::local::tz_info::rule::tests::test_negative_hour ... ok
test offset::local::tz_info::rule::tests::test_quoted ... ok
test offset::local::tz_info::rule::tests::test_rule_day ... ok
test offset::local::tz_info::rule::tests::test_transition_rule ... ok
test offset::local::tz_info::rule::tests::test_transition_rule_overflow ... ok
test offset::local::tz_info::rule::tests::test_v3_file ... ok
test offset::local::tz_info::timezone::tests::test_error ... ok
test offset::local::tz_info::timezone::tests::test_leap_seconds ... ok
test offset::local::tz_info::timezone::tests::test_leap_seconds_overflow ... ok
test offset::local::tz_info::timezone::tests::test_no_dst ... ok
test offset::local::tz_info::timezone::tests::test_no_tz_string ... ok
test offset::local::tz_info::timezone::tests::test_time_zone ... ok
test offset::local::tz_info::timezone::tests::test_time_zone_from_posix_tz ... ok
test offset::local::tz_info::timezone::tests::test_tz_ascii_str ... ok
test naive::date::tests::test_date_from_isoywd_and_iso_week ... ok
test offset::local::tz_info::timezone::tests::test_v2_file ... ok
test offset::tests::test_fixed_offset_min_max_dates ... ok
test offset::tests::test_nanos_never_panics ... ok
test offset::tests::test_negative_micros ... ok
test offset::local::tz_info::timezone::tests::test_v1_file_with_leap_seconds ... ok
test offset::tests::test_negative_nanos ... ok
test offset::tests::test_negative_millis ... ok
test round::tests::issue1010 ... ok
test round::tests::test_duration_round ... ok
test round::tests::test_duration_round_close_to_min_max ... ok
test round::tests::test_duration_round_naive ... ok
test round::tests::test_duration_round_pre_epoch ... ok
test round::tests::test_duration_round_up ... ok
test round::tests::test_duration_round_up_close_to_min_max ... ok
test round::tests::test_duration_round_up_naive ... ok
test round::tests::test_duration_round_up_pre_epoch ... ok
test round::tests::test_duration_trunc ... ok
test round::tests::test_duration_trunc_close_to_epoch ... ok
test round::tests::test_duration_trunc_naive ... ok
test round::tests::test_duration_trunc_pre_epoch ... ok
test round::tests::test_round_leap_nanos ... ok
test round::tests::test_round_subsecs ... ok
test round::tests::test_trunc_leap_nanos ... ok
test round::tests::test_duration_round_close_to_epoch ... ok
test tests::test_type_sizes ... ok
test round::tests::test_trunc_subsecs ... ok
test time_delta::tests::test_duration_abs ... ok
test time_delta::tests::test_duration_as_seconds_f32 ... ok
test time_delta::tests::test_duration_as_seconds_f64 ... ok
test time_delta::tests::test_duration_checked_ops ... ok
test time_delta::tests::test_duration_const ... ok
test time_delta::tests::test_duration_div ... ok
test time_delta::tests::test_duration_fmt ... ok
test time_delta::tests::test_duration_microseconds_max_allowed ... ok
test time_delta::tests::test_duration_microseconds_max_overflow ... ok
test time_delta::tests::test_duration_microseconds_min_allowed ... ok
test time_delta::tests::test_duration_microseconds_min_underflow ... ok
test time_delta::tests::test_duration_milliseconds_max_allowed ... ok
test time_delta::tests::test_duration_milliseconds_max_overflow ... ok
test time_delta::tests::test_duration_milliseconds_min_allowed ... ok
test time_delta::tests::test_duration_milliseconds_min_underflow ... ok
test time_delta::tests::test_duration_milliseconds_min_underflow_panic - should panic ... ok
test time_delta::tests::test_duration_mul ... ok
test time_delta::tests::test_duration_nanoseconds_max_allowed ... ok
test time_delta::tests::test_duration_nanoseconds_max_overflow ... ok
test time_delta::tests::test_duration_nanoseconds_min_allowed ... ok
test time_delta::tests::test_duration_nanoseconds_min_underflow ... ok
test time_delta::tests::test_duration_num_days ... ok
test time_delta::tests::test_duration_num_microseconds ... ok
test time_delta::tests::test_duration_num_milliseconds ... ok
test time_delta::tests::test_duration_num_nanoseconds ... ok
test time_delta::tests::test_duration_num_seconds ... ok
test time_delta::tests::test_duration_ord ... ok
test time_delta::tests::test_duration_seconds_max_allowed ... ok
test time_delta::tests::test_duration_seconds_max_overflow ... ok
test time_delta::tests::test_duration_seconds_max_overflow_panic - should panic ... ok
test time_delta::tests::test_duration_seconds_min_allowed ... ok
test time_delta::tests::test_duration ... ok
test time_delta::tests::test_duration_seconds_min_underflow ... ok
test time_delta::tests::test_duration_seconds_min_underflow_panic - should panic ... ok
test time_delta::tests::test_duration_subsec_micros ... ok
test time_delta::tests::test_duration_subsec_millis ... ok
test time_delta::tests::test_duration_subsec_nanos ... ok
test time_delta::tests::test_from_std ... ok
test time_delta::tests::test_max ... ok
test time_delta::tests::test_duration_sum ... ok
test time_delta::tests::test_to_std ... ok
test time_delta::tests::test_min ... ok
test traits::tests::test_num_days_in_month ... ok
test weekday::tests::test_days_since ... ok
test weekday::tests::test_formatting_alignment ... ok
test weekday_set::tests::bitwise_set_operations_preserve_8th_bit_invariant ... ok
test weekday_set::tests::debug_prints_8th_bit_if_not_zero ... ok
test weekday_set::tests::split_at_is_equivalent_to_iterating ... ok
test naive::date::tests::test_weeks_from ... ok
test traits::tests::test_num_days_from_ce_against_alternative_impl ... ok
test naive::date::tests::test_readme_doomsday ... ok

failures:

---- offset::local::tz_data::tests::test_android_tzdata_find stdout ----

thread 'offset::local::tz_data::tests::test_android_tzdata_find' panicked at src/offset/local/tz_data.rs:243:57:
called `Result::unwrap()` on an `Err` value: Os { code: 2, kind: NotFound, message: "No such file or directory" }

---- offset::local::tz_data::tests::test_android_tzdata_find_missing stdout ----

thread 'offset::local::tz_data::tests::test_android_tzdata_find_missing' panicked at src/offset/local/tz_data.rs:250:57:
called `Result::unwrap()` on an `Err` value: Os { code: 2, kind: NotFound, message: "No such file or directory" }

---- offset::local::tz_data::tests::test_android_tzdata_header_and_index stdout ----

thread 'offset::local::tz_data::tests::test_android_tzdata_header_and_index' panicked at src/offset/local/tz_data.rs:205:57:
called `Result::unwrap()` on an `Err` value: Os { code: 2, kind: NotFound, message: "No such file or directory" }

---- offset::local::tz_data::tests::test_android_tzdata_loading stdout ----

thread 'offset::local::tz_data::tests::test_android_tzdata_loading' panicked at src/offset/local/tz_data.rs:220:57:
called `Result::unwrap()` on an `Err` value: Os { code: 2, kind: NotFound, message: "No such file or directory" }

---- offset::local::tz_data::tests::test_ohos_tzdata_find stdout ----

thread 'offset::local::tz_data::tests::test_ohos_tzdata_find' panicked at src/offset/local/tz_data.rs:230:54:
called `Result::unwrap()` on an `Err` value: Os { code: 2, kind: NotFound, message: "No such file or directory" }

---- offset::local::tz_data::tests::test_ohos_tzdata_find_missing stdout ----

thread 'offset::local::tz_data::tests::test_ohos_tzdata_find_missing' panicked at src/offset/local/tz_data.rs:237:54:
called `Result::unwrap()` on an `Err` value: Os { code: 2, kind: NotFound, message: "No such file or directory" }

---- offset::local::tz_data::tests::test_ohos_tzdata_header_and_index stdout ----

thread 'offset::local::tz_data::tests::test_ohos_tzdata_header_and_index' panicked at src/offset/local/tz_data.rs:175:54:
called `Result::unwrap()` on an `Err` value: Os { code: 2, kind: NotFound, message: "No such file or directory" }

---- offset::local::tz_data::tests::test_ohos_tzdata_loading stdout ----

thread 'offset::local::tz_data::tests::test_ohos_tzdata_loading' panicked at src/offset/local/tz_data.rs:190:54:
called `Result::unwrap()` on an `Err` value: Os { code: 2, kind: NotFound, message: "No such file or directory" }


failures:
    offset::local::tz_data::tests::test_android_tzdata_find
    offset::local::tz_data::tests::test_android_tzdata_find_missing
    offset::local::tz_data::tests::test_android_tzdata_header_and_index
    offset::local::tz_data::tests::test_android_tzdata_loading
    offset::local::tz_data::tests::test_ohos_tzdata_find
    offset::local::tz_data::tests::test_ohos_tzdata_find_missing
    offset::local::tz_data::tests::test_ohos_tzdata_header_and_index
    offset::local::tz_data::tests::test_ohos_tzdata_loading

test result: FAILED. 279 passed; 8 failed; 0 ignored; 0 measured; 0 filtered out; finished in 0.92s

error: test failed, to rerun pass `--lib`
+ RESULT=101
+ cd /var/tmp/top100_artifacts
+ rm -rf /var/tmp/top100_artifacts/chrono-0.4.42
+ exit 101
