[once_cell] download directory: /var/tmp/top100_artifacts/once_cell-1.21.3
+ curl -sL https://crates.io/api/v1/crates/once_cell/1.21.3/download
+ tar xzf -
+ cd /var/tmp/top100_artifacts/once_cell-1.21.3
+ cargo clean
     Removed 0 files
+ cargo +stable test ''
   Compiling memchr v2.7.4
   Compiling regex-syntax v0.8.4
   Compiling critical-section v1.1.3
   Compiling once_cell v1.21.3 (/var/tmp/top100_artifacts/once_cell-1.21.3)
   Compiling aho-corasick v1.1.3
   Compiling regex-automata v0.4.7
   Compiling regex v1.10.6
    Finished `test` profile [unoptimized + debuginfo] target(s) in 8.81s
     Running unittests src/lib.rs (target/debug/deps/once_cell-bdb887ff37b476b3)

running 5 tests
test imp::tests::smoke_once ... ok
test imp::tests::poison_bad ... ok
test imp::tests::test_size ... ok
test imp::tests::wait_for_force_to_finish ... ok
test imp::tests::stampede_once ... ok

test result: ok. 5 passed; 0 failed; 0 ignored; 0 measured; 0 filtered out; finished in 0.00s

     Running tests/it/main.rs (target/debug/deps/it-db308ffd7c1adc6f)

running 66 tests
test race::get_unchecked ... ok
test race::once_bool_set ... ok
test race::once_non_zero_usize_set ... ok
test race::once_bool_smoke_test ... ok
test race::once_non_zero_usize_smoke_test ... ok
test race::once_non_zero_usize_first_wins ... ok
test race_once_box::once_box_reentrant ... ok
test race_once_box::once_box_default ... ok
test race_once_box::once_box_set ... ok
test race_once_box::onece_box_clone ... ok
test race_once_box::once_box_first_wins ... ok
test race_once_box::onece_box_with_value ... ok
test sync_lazy::arrrrrrrrrrrrrrrrrrrrrr ... ok
test sync_lazy::lazy_default ... ok
test sync_lazy::lazy_deref_mut ... ok
test sync_lazy::lazy_force_mut ... ok
test sync_lazy::lazy_get_mut ... ok
test sync_lazy::lazy_into_value ... ok
test sync_lazy::lazy_is_sync_send ... ok
test sync_lazy::lazy_poisoning ... ok
test sync_lazy::static_lazy ... ok
test sync_lazy::static_lazy_via_fn ... ok
test sync_lazy::lazy_new ... ok
test sync_once_cell::arrrrrrrrrrrrrrrrrrrrrr ... ok
test sync_once_cell::clone ... ok
test sync_once_cell::debug_impl ... ok
test sync_once_cell::eval_once_macro ... ok
test sync_once_cell::from_impl ... ok
test sync_once_cell::get_does_not_block ... ok
test sync_once_cell::into_inner ... ok
test sync_once_cell::get_or_try_init ... ok
test sync_once_cell::once_cell ... ok
test sync_once_cell::once_cell_drop ... ok
test sync_once_cell::once_cell_drop_empty ... ok
test race_once_box::once_box_smoke_test ... ok
test sync_once_cell::once_cell_get_mut ... ok
test sync_once_cell::once_cell_get_unchecked ... ok
test sync_once_cell::once_cell_is_sync_send ... ok
test sync_once_cell::once_cell_with_value ... ok
test sync_once_cell::partialeq_impl ... ok
test sync_once_cell::reentrant_init ... FAILED
test unsync_lazy::arrrrrrrrrrrrrrrrrrrrrr ... ok
test sync_once_cell::wait ... ok
test unsync_lazy::lazy_default ... ok
test unsync_lazy::lazy_force_mut ... ok
test unsync_lazy::lazy_get_mut ... ok
test unsync_lazy::lazy_into_value ... ok
test unsync_lazy::lazy_new ... ok
test unsync_lazy::lazy_poisoning ... ok
test unsync_once_cell::aliasing_in_get ... ok
test unsync_once_cell::arrrrrrrrrrrrrrrrrrrrrr ... ok
test unsync_once_cell::clone ... ok
test unsync_once_cell::debug_impl ... ok
test unsync_once_cell::from_impl ... ok
test unsync_once_cell::get_or_try_init ... ok
test unsync_once_cell::into_inner ... ok
test unsync_once_cell::once_cell ... ok
test unsync_once_cell::once_cell_drop ... ok
test unsync_once_cell::once_cell_drop_empty ... ok
test unsync_once_cell::once_cell_get_mut ... ok
test unsync_once_cell::once_cell_with_value ... ok
test unsync_once_cell::partialeq_impl ... ok
test unsync_once_cell::reentrant_init - should panic ... ok
test unsync_lazy::lazy_deref_mut ... ok
test sync_once_cell::once_cell_does_not_leak_partially_constructed_boxes ... ok
test sync_once_cell::get_or_init_stress ... ok

failures:

---- sync_once_cell::reentrant_init stdout ----

thread 'sync_once_cell::reentrant_init' panicked at tests/it/sync_once_cell.rs:192:76:
called `Result::unwrap()` on an `Err` value: Os { code: 2, kind: NotFound, message: "No such file or directory" }


failures:
    sync_once_cell::reentrant_init

test result: FAILED. 65 passed; 1 failed; 0 ignored; 0 measured; 0 filtered out; finished in 11.67s

error: test failed, to rerun pass `--test it`
+ RESULT=101
+ cd /var/tmp/top100_artifacts
+ rm -rf /var/tmp/top100_artifacts/once_cell-1.21.3
+ exit 101
