[tempfile] download directory: /var/tmp/top100_artifacts/tempfile-3.23.0
+ curl -sL https://crates.io/api/v1/crates/tempfile/3.23.0/download
+ tar xzf -
+ cd /var/tmp/top100_artifacts/tempfile-3.23.0
+ cargo clean
     Removed 0 files
+ cargo +stable test ''
    Blocking waiting for file lock on package cache
    Blocking waiting for file lock on package cache
    Blocking waiting for file lock on package cache
   Compiling libc v0.2.175
   Compiling getrandom v0.3.3
   Compiling rustix v1.1.2
   Compiling cfg-if v1.0.3
   Compiling linux-raw-sys v0.11.0
   Compiling bitflags v2.9.4
   Compiling doc-comment v0.3.3
   Compiling fastrand v2.3.0
   Compiling once_cell v1.21.3
   Compiling errno v0.3.14
   Compiling tempfile v3.23.0 (/var/tmp/top100_artifacts/tempfile-3.23.0)
    Finished `test` profile [unoptimized + debuginfo] target(s) in 7.14s
     Running unittests src/lib.rs (target/debug/deps/tempfile-d190e799cedb0be5)

running 0 tests

test result: ok. 0 passed; 0 failed; 0 ignored; 0 measured; 0 filtered out; finished in 0.00s

     Running tests/env.rs (target/debug/deps/env-614a337390ed0eb4)

running 1 test
test test_override_temp_dir ... ok

test result: ok. 1 passed; 0 failed; 0 ignored; 0 measured; 0 filtered out; finished in 0.01s

     Running tests/namedtempfile.rs (target/debug/deps/namedtempfile-eb91d2b45d96a27d)

running 30 tests
test temp_path_from_argument_types ... ok
test test_append ... ok
test temp_path_from_existing ... ok
test test_basic ... ok
test test_customnamed ... ok
test test_deleted ... ok
test test_from_parts ... ok
test test_immut ... ok
test test_into_file ... ok
test test_into_parts ... ok
test test_keep ... ok
test test_make ... ok
test test_make_fnmut ... ok
test test_make_in ... ok
test test_make_uds ... ok
test test_change_dir_make ... ok
test test_disable_cleanup ... ok
test test_persist ... ok
test test_change_dir ... FAILED
test test_prefix ... ok
test test_reopen ... ok
test test_reseed ... ok
test test_suffix ... ok
test test_temppath ... ok
test test_overly_generic_bounds ... ok
test test_persist_noclobber ... ok
test test_temppath_persist ... ok
test test_write_after_close ... ok
test test_temppath_persist_noclobber ... ok
test test_make_uds_conflict ... ok

failures:

---- test_change_dir stdout ----

thread 'test_change_dir' panicked at tests/namedtempfile.rs:332:40:
called `Result::unwrap()` on an `Err` value: Os { code: 2, kind: NotFound, message: "No such file or directory" }
note: run with `RUST_BACKTRACE=1` environment variable to display a backtrace


failures:
    test_change_dir

test result: FAILED. 29 passed; 1 failed; 0 ignored; 0 measured; 0 filtered out; finished in 0.47s

error: test failed, to rerun pass `--test namedtempfile`
+ RESULT=101
+ cd /var/tmp/top100_artifacts
+ rm -rf /var/tmp/top100_artifacts/tempfile-3.23.0
+ exit 101
