[tokio-util] download directory: /var/tmp/top100_artifacts/tokio-util-0.7.15
+ curl -sL https://crates.io/api/v1/crates/tokio-util/0.7.15/download
+ tar xzf -
+ cd /var/tmp/top100_artifacts/tokio-util-0.7.15
+ cargo clean
     Removed 0 files
+ cargo +stable test ''
    Blocking waiting for file lock on package cache
    Blocking waiting for file lock on package cache
    Blocking waiting for file lock on package cache
   Compiling proc-macro2 v1.0.95
   Compiling unicode-ident v1.0.18
   Compiling autocfg v1.4.0
   Compiling libc v0.2.172
   Compiling futures-core v0.3.31
   Compiling pin-project-lite v0.2.16
   Compiling cfg-if v1.0.0
   Compiling parking_lot_core v0.9.10
   Compiling futures-sink v0.3.31
   Compiling lock_api v0.4.12
   Compiling slab v0.4.9
   Compiling scopeguard v1.2.0
   Compiling smallvec v1.15.0
   Compiling quote v1.0.40
   Compiling syn v2.0.100
   Compiling futures-channel v0.3.31
   Compiling signal-hook-registry v1.4.5
   Compiling mio v1.0.3
   Compiling parking_lot v0.12.3
   Compiling socket2 v0.5.9
   Compiling bytes v1.10.1
   Compiling memchr v2.7.4
   Compiling futures-task v0.3.31
   Compiling pin-utils v0.1.0
   Compiling futures-io v0.3.31
   Compiling getrandom v0.3.2
   Compiling rustix v1.0.5
   Compiling errno v0.3.11
   Compiling bitflags v2.9.0
   Compiling linux-raw-sys v0.9.4
   Compiling fastrand v2.3.0
   Compiling once_cell v1.21.3
   Compiling tempfile v3.19.1
   Compiling tokio-macros v2.5.0
   Compiling futures-macro v0.3.31
   Compiling pin-project-internal v1.1.10
   Compiling async-stream-impl v0.3.6
   Compiling tokio v1.44.2
   Compiling async-stream v0.3.6
   Compiling futures-util v0.3.31
   Compiling pin-project v1.1.10
   Compiling futures-executor v0.3.31
   Compiling futures v0.3.31
   Compiling futures-test v0.3.31
   Compiling tokio-stream v0.1.17
   Compiling tokio-util v0.7.15 (/var/tmp/top100_artifacts/tokio-util-0.7.15)
   Compiling tokio-test v0.4.4
error: run tokio-util tests with `--features full`
 --> tests/_require_full.rs:2:1
  |
2 | compile_error!("run tokio-util tests with `--features full`");
  | ^^^^^^^^^^^^^^^^^^^^^^^^^^^^^^^^^^^^^^^^^^^^^^^^^^^^^^^^^^^^^

error[E0432]: unresolved import `tokio_util::task`
  --> tests/abort_on_drop.rs:2:17
   |
2  | use tokio_util::task::AbortOnDropHandle;
   |                 ^^^^ could not find `task` in `tokio_util`
   |
note: found an item that was configured out
  --> /var/tmp/top100_artifacts/tokio-util-0.7.15/src/lib.rs:50:13
   |
50 |     pub mod task;
   |             ^^^^
note: the item is gated behind the `rt` feature
  --> /var/tmp/top100_artifacts/tokio-util-0.7.15/src/lib.rs:48:1
   |
48 | / cfg_rt! {
49 | |     pub mod context;
50 | |     pub mod task;
51 | | }
   | |_^
   = note: this error originates in the macro `cfg_rt` (in Nightly builds, run with -Z macro-backtrace for more info)

error[E0432]: unresolved import `tokio_util::task`
  --> tests/task_tracker.rs:4:17
   |
4  | use tokio_util::task::TaskTracker;
   |                 ^^^^ could not find `task` in `tokio_util`
   |
note: found an item that was configured out
  --> /var/tmp/top100_artifacts/tokio-util-0.7.15/src/lib.rs:50:13
   |
50 |     pub mod task;
   |             ^^^^
note: the item is gated behind the `rt` feature
  --> /var/tmp/top100_artifacts/tokio-util-0.7.15/src/lib.rs:48:1
   |
48 | / cfg_rt! {
49 | |     pub mod context;
50 | |     pub mod task;
51 | | }
   | |_^
   = note: this error originates in the macro `cfg_rt` (in Nightly builds, run with -Z macro-backtrace for more info)

error: could not compile `tokio-util` (test "_require_full") due to 1 previous error
warning: build failed, waiting for other jobs to finish...
For more information about this error, try `rustc --explain E0432`.
error: could not compile `tokio-util` (test "abort_on_drop") due to 1 previous error
error: could not compile `tokio-util` (test "task_tracker") due to 1 previous error
+ RESULT=101
+ cd /var/tmp/top100_artifacts
+ rm -rf /var/tmp/top100_artifacts/tokio-util-0.7.15
+ exit 101
