[unicode-ident] download directory: /var/tmp/top100_artifacts/unicode-ident-1.0.19
+ curl -sL https://crates.io/api/v1/crates/unicode-ident/1.0.19/download
+ tar xzf -
+ cd /var/tmp/top100_artifacts/unicode-ident-1.0.19
+ cargo clean
     Removed 0 files
+ cargo +stable test ''
    Blocking waiting for file lock on package cache
    Blocking waiting for file lock on package cache
    Blocking waiting for file lock on package cache
   Compiling proc-macro2 v1.0.101
   Compiling unicode-ident v1.0.18
   Compiling cfg-if v1.0.3
   Compiling serde v1.0.219
   Compiling libc v0.2.175
   Compiling getrandom v0.3.3
   Compiling zerocopy v0.8.27
   Compiling serde_json v1.0.143
   Compiling autocfg v1.5.0
   Compiling quote v1.0.40
   Compiling num-traits v0.2.19
   Compiling syn v2.0.106
   Compiling half v2.6.0
   Compiling ciborium-io v0.2.2
   Compiling anstyle v1.0.11
   Compiling clap_lex v0.7.5
   Compiling itoa v1.0.15
   Compiling ryu v1.0.20
   Compiling either v1.15.0
   Compiling memchr v2.7.5
   Compiling regex-syntax v0.8.6
   Compiling ppv-lite86 v0.2.21
   Compiling itertools v0.13.0
   Compiling clap_builder v4.5.47
   Compiling regex-automata v0.4.10
   Compiling ciborium-ll v0.2.2
   Compiling rand_core v0.9.3
   Compiling fst v0.4.7
   Compiling serde_derive v1.0.219
   Compiling cast v0.3.0
   Compiling same-file v1.0.6
   Compiling walkdir v2.5.0
   Compiling regex v1.11.2
   Compiling criterion-plot v0.6.0
   Compiling rand_chacha v0.9.0
   Compiling clap v4.5.47
   Compiling oorandom v11.1.5
   Compiling byteorder v1.5.0
   Compiling bytemuck v1.23.2
   Compiling anes v0.1.6
   Compiling roaring v0.11.2
   Compiling rand v0.9.2
   Compiling unicode-xid v0.2.6
   Compiling ucd-trie v0.1.7
   Compiling unicode-ident v1.0.19 (/var/tmp/top100_artifacts/unicode-ident-1.0.19)
   Compiling ciborium v0.2.2
   Compiling tinytemplate v1.2.1
   Compiling criterion v0.7.0
    Finished `test` profile [unoptimized + debuginfo] target(s) in 29.99s
     Running unittests src/lib.rs (target/debug/deps/unicode_ident-309c6fd0e886850c)

running 0 tests

test result: ok. 0 passed; 0 failed; 0 ignored; 0 measured; 0 filtered out; finished in 0.00s

     Running tests/compare.rs (target/debug/deps/compare-3ec2528ddab4fa43)

running 1 test
test compare_all_implementations ... FAILED

failures:

---- compare_all_implementations stdout ----

thread 'compare_all_implementations' panicked at tests/compare.rs:21:9:
assertion `left == right` failed: '\u{88f}'
  left: true
 right: false
note: run with `RUST_BACKTRACE=1` environment variable to display a backtrace


failures:
    compare_all_implementations

test result: FAILED. 0 passed; 1 failed; 0 ignored; 0 measured; 0 filtered out; finished in 0.20s

error: test failed, to rerun pass `--test compare`
+ RESULT=101
+ cd /var/tmp/top100_artifacts
+ rm -rf /var/tmp/top100_artifacts/unicode-ident-1.0.19
+ exit 101
